0 info it worked if it ends with ok
1 verbose cli [ '/Users/petertasker/.nvm/versions/node/v7.0.0/bin/node',
1 verbose cli   '/Users/petertasker/.nvm/versions/node/v7.0.0/bin/npm',
1 verbose cli   'run',
1 verbose cli   'build:free' ]
2 info using npm@3.10.8
3 info using node@v7.0.0
4 verbose run-script [ 'prebuild:free', 'build:free', 'postbuild:free' ]
5 info lifecycle wp-migrate-db-pro@0.1.0~prebuild:free: wp-migrate-db-pro@0.1.0
6 silly lifecycle wp-migrate-db-pro@0.1.0~prebuild:free: no script for prebuild:free, continuing
7 info lifecycle wp-migrate-db-pro@0.1.0~build:free: wp-migrate-db-pro@0.1.0
8 verbose lifecycle wp-migrate-db-pro@0.1.0~build:free: unsafe-perm in lifecycle true
9 verbose lifecycle wp-migrate-db-pro@0.1.0~build:free: PATH: /Users/petertasker/.nvm/versions/node/v7.0.0/lib/node_modules/npm/bin/node-gyp-bin:/Users/petertasker/PLUGINS/wp-migrate-db-pro/node_modules/.bin:/Users/petertasker/.yarn/bin:/Users/petertasker/.config/yarn/global/node_modules/.bin:/Users/petertasker/.nvm/versions/node/v7.0.0/bin:/Users/petertasker/ssh-into-local-by-flywheel:/usr/local/bin:/Users/petertasker/bin:/usr/local/sbin:/Users/petertasker/:/usr/local/bin:/usr/bin:/bin:/usr/sbin:/sbin:/usr/local/go/bin:/usr/local/opt/ruby193/bin:/usr/local/bin:/usr/local/sbin:/Users/petertasker/.composer/vendor/bin/:/usr/local/bin:/usr/bin:/bin:/usr/sbin:/sbin:/usr/local/go/bin:/Users/petertasker/mongodb/bin:/Users/petertasker/go/bin:/Users/petertasker/Library/Python/2.7/bin
10 verbose lifecycle wp-migrate-db-pro@0.1.0~build:free: CWD: /Users/petertasker/PLUGINS/wp-migrate-db-pro
11 silly lifecycle wp-migrate-db-pro@0.1.0~build:free: Args: [ '-c',
11 silly lifecycle   'webpack --env.production --env.run_free --progress && npm run remove-pro && node build-cfg/build-pot/index.js' ]
12 silly lifecycle wp-migrate-db-pro@0.1.0~build:free: Returned: code: 1  signal: null
13 info lifecycle wp-migrate-db-pro@0.1.0~build:free: Failed to exec build:free script
14 verbose stack Error: wp-migrate-db-pro@0.1.0 build:free: `webpack --env.production --env.run_free --progress && npm run remove-pro && node build-cfg/build-pot/index.js`
14 verbose stack Exit status 1
14 verbose stack     at EventEmitter.<anonymous> (/Users/petertasker/.nvm/versions/node/v7.0.0/lib/node_modules/npm/lib/utils/lifecycle.js:255:16)
14 verbose stack     at emitTwo (events.js:106:13)
14 verbose stack     at EventEmitter.emit (events.js:191:7)
14 verbose stack     at ChildProcess.<anonymous> (/Users/petertasker/.nvm/versions/node/v7.0.0/lib/node_modules/npm/lib/utils/spawn.js:40:14)
14 verbose stack     at emitTwo (events.js:106:13)
14 verbose stack     at ChildProcess.emit (events.js:191:7)
14 verbose stack     at maybeClose (internal/child_process.js:877:16)
14 verbose stack     at Process.ChildProcess._handle.onexit (internal/child_process.js:226:5)
15 verbose pkgid wp-migrate-db-pro@0.1.0
16 verbose cwd /Users/petertasker/PLUGINS/wp-migrate-db-pro/src/wp-migrate-db-pro
17 error Darwin 18.2.0
18 error argv "/Users/petertasker/.nvm/versions/node/v7.0.0/bin/node" "/Users/petertasker/.nvm/versions/node/v7.0.0/bin/npm" "run" "build:free"
19 error node v7.0.0
20 error npm  v3.10.8
21 error code ELIFECYCLE
22 error wp-migrate-db-pro@0.1.0 build:free: `webpack --env.production --env.run_free --progress && npm run remove-pro && node build-cfg/build-pot/index.js`
22 error Exit status 1
23 error Failed at the wp-migrate-db-pro@0.1.0 build:free script 'webpack --env.production --env.run_free --progress && npm run remove-pro && node build-cfg/build-pot/index.js'.
23 error Make sure you have the latest version of node.js and npm installed.
23 error If you do, this is most likely a problem with the wp-migrate-db-pro package,
23 error not with npm itself.
23 error Tell the author that this fails on your system:
23 error     webpack --env.production --env.run_free --progress && npm run remove-pro && node build-cfg/build-pot/index.js
23 error You can get information on how to open an issue for this project with:
23 error     npm bugs wp-migrate-db-pro
23 error Or if that isn't available, you can get their info via:
23 error     npm owner ls wp-migrate-db-pro
23 error There is likely additional logging output above.
24 verbose exit [ 1, true ]
